<?xml version="1.0" encoding="utf-8"?><testsuites><testsuite name="pytest" errors="0" failures="0" skipped="0" tests="6" time="0.082" timestamp="2023-12-10T01:10:39.861857" hostname="‡"><testcase classname="test_app" name="test_index" time="0.009" /><testcase classname="test_app" name="test_collect_data" time="0.003" /><testcase classname="test_app" name="test_data_storage" time="0.005" /><testcase classname="test_app" name="test_transmit_data" time="0.005" /><testcase classname="test_app" name="test_fetch_data_by_name" time="0.002" /><testcase classname="test_app" name="test_perform_data_analysis" time="0.001" /></testsuite></testsuites>